<?xml version="1.0" encoding="UTF-8"?>
<!-- Generated by org.testng.reporters.JUnitReportReporter -->
<testsuite hostname="DESKTOP-C2JSM5E" failures="0" tests="2" name="com.qa.hs.tests.LoginTest" time="6.173" errors="0" timestamp="24 Aug 2022 15:40:22 GMT" skipped="0">
  <testcase classname="com.qa.hs.tests.LoginTest" name="loginTest" time="6.116"/>
  <testcase classname="com.qa.hs.tests.LoginTest" name="signUpTest" time="0.057"/>
</testsuite> <!-- com.qa.hs.tests.LoginTest -->
